# JRE version: OpenJDK Runtime Environment (17.0.7) (build 17.0.7+0-b2043.56-10550314)
# Java VM: OpenJDK 64-Bit Server VM (17.0.7+0-b2043.56-10550314, mixed mode, tiered, compressed oops, compressed class ptrs, g1 gc, windows-amd64)
GC Precious Log:
 CPUs: 12 total, 12 available
 Memory: 15741M
 Large Page Support: Disabled
 NUMA Support: Disabled
 Compressed Oops: Enabled (32-bit)
 Heap Region Size: 1M
 Heap Min Capacity: 8M
 Heap Initial Capacity: 246M
 Heap Max Capacity: 2G
 Pre-touch: Disabled
 Parallel Workers: 10
 Concurrent Workers: 3
 Concurrent Refinement Workers: 10
 Periodic GC: Disabled
Heap:
 garbage-first heap   total 387072K, used 131166K [0x0000000080000000, 0x0000000100000000)
  region size 1024K, 9 young (9216K), 9 survivors (9216K)
 Metaspace       used 138211K, committed 139136K, reserved 1179648K
  class space    used 18556K, committed 19008K, reserved 1048576K
GC Heap History (20 events):
Event: 17.472 GC heap after
{Heap after GC invocations=50 (full 0):
 garbage-first heap   total 387072K, used 124927K [0x0000000080000000, 0x0000000100000000)
  region size 1024K, 2 young (2048K), 2 survivors (2048K)
 Metaspace       used 127279K, committed 128128K, reserved 1179648K
  class space    used 17324K, committed 17728K, reserved 1048576K
}
Event: 324.484 GC heap before
{Heap before GC invocations=50 (full 0):
 garbage-first heap   total 387072K, used 365567K [0x0000000080000000, 0x0000000100000000)
  region size 1024K, 153 young (156672K), 2 survivors (2048K)
 Metaspace       used 134946K, committed 135744K, reserved 1179648K
  class space    used 18442K, committed 18816K, reserved 1048576K
}
Event: 324.492 GC heap after
{Heap after GC invocations=51 (full 0):
 garbage-first heap   total 387072K, used 132013K [0x0000000080000000, 0x0000000100000000)
  region size 1024K, 9 young (9216K), 9 survivors (9216K)
 Metaspace       used 134946K, committed 135744K, reserved 1179648K
  class space    used 18442K, committed 18816K, reserved 1048576K
}
Event: 1089.755 GC heap before
{Heap before GC invocations=52 (full 0):
 garbage-first heap   total 387072K, used 360365K [0x0000000080000000, 0x0000000100000000)
  region size 1024K, 147 young (150528K), 9 survivors (9216K)
 Metaspace       used 135986K, committed 136832K, reserved 1179648K
  class space    used 18471K, committed 18880K, reserved 1048576K
}
Event: 1089.760 GC heap after
{Heap after GC invocations=53 (full 0):
 garbage-first heap   total 387072K, used 129215K [0x0000000080000000, 0x0000000100000000)
  region size 1024K, 6 young (6144K), 6 survivors (6144K)
 Metaspace       used 135986K, committed 136832K, reserved 1179648K
  class space    used 18471K, committed 18880K, reserved 1048576K
}
Event: 1089.851 GC heap before
{Heap before GC invocations=53 (full 0):
 garbage-first heap   total 387072K, used 141503K [0x0000000080000000, 0x0000000100000000)
  region size 1024K, 18 young (18432K), 6 survivors (6144K)
 Metaspace       used 136027K, committed 136896K, reserved 1179648K
  class space    used 18471K, committed 18880K, reserved 1048576K
}
Event: 1089.857 GC heap after
{Heap after GC invocations=54 (full 0):
 garbage-first heap   total 387072K, used 121644K [0x0000000080000000, 0x0000000100000000)
  region size 1024K, 2 young (2048K), 2 survivors (2048K)
 Metaspace       used 136027K, committed 136896K, reserved 1179648K
  class space    used 18471K, committed 18880K, reserved 1048576K
}
Event: 1090.372 GC heap before
{Heap before GC invocations=54 (full 0):
 garbage-first heap   total 387072K, used 168748K [0x0000000080000000, 0x0000000100000000)
  region size 1024K, 50 young (51200K), 2 survivors (2048K)
 Metaspace       used 136289K, committed 137152K, reserved 1179648K
  class space    used 18474K, committed 18880K, reserved 1048576K
}
Event: 1090.378 GC heap after
{Heap after GC invocations=55 (full 0):
 garbage-first heap   total 387072K, used 129236K [0x0000000080000000, 0x0000000100000000)
  region size 1024K, 9 young (9216K), 9 survivors (9216K)
 Metaspace       used 136289K, committed 137152K, reserved 1179648K
  class space    used 18474K, committed 18880K, reserved 1048576K
}
Event: 1653.116 GC heap before
{Heap before GC invocations=56 (full 0):
 garbage-first heap   total 387072K, used 361684K [0x0000000080000000, 0x0000000100000000)
  region size 1024K, 150 young (153600K), 9 survivors (9216K)
 Metaspace       used 137056K, committed 137984K, reserved 1179648K
  class space    used 18496K, committed 18944K, reserved 1048576K
}
Event: 1653.122 GC heap after
{Heap after GC invocations=57 (full 0):
 garbage-first heap   total 387072K, used 133367K [0x0000000080000000, 0x0000000100000000)
  region size 1024K, 11 young (11264K), 11 survivors (11264K)
 Metaspace       used 137056K, committed 137984K, reserved 1179648K
  class space    used 18496K, committed 18944K, reserved 1048576K
}
Event: 1653.204 GC heap before
{Heap before GC invocations=57 (full 0):
 garbage-first heap   total 387072K, used 139511K [0x0000000080000000, 0x0000000100000000)
  region size 1024K, 18 young (18432K), 11 survivors (11264K)
 Metaspace       used 137123K, committed 138048K, reserved 1179648K
  class space    used 18499K, committed 18944K, reserved 1048576K
}
Event: 1653.213 GC heap after
{Heap after GC invocations=58 (full 0):
 garbage-first heap   total 387072K, used 126113K [0x0000000080000000, 0x0000000100000000)
  region size 1024K, 2 young (2048K), 2 survivors (2048K)
 Metaspace       used 137123K, committed 138048K, reserved 1179648K
  class space    used 18499K, committed 18944K, reserved 1048576K
}
Event: 1653.607 GC heap before
{Heap before GC invocations=58 (full 0):
 garbage-first heap   total 387072K, used 160929K [0x0000000080000000, 0x0000000100000000)
  region size 1024K, 38 young (38912K), 2 survivors (2048K)
 Metaspace       used 137296K, committed 138240K, reserved 1179648K
  class space    used 18521K, committed 19008K, reserved 1048576K
}
Event: 1653.613 GC heap after
{Heap after GC invocations=59 (full 0):
 garbage-first heap   total 387072K, used 131309K [0x0000000080000000, 0x0000000100000000)
  region size 1024K, 7 young (7168K), 7 survivors (7168K)
 Metaspace       used 137296K, committed 138240K, reserved 1179648K
  class space    used 18521K, committed 19008K, reserved 1048576K
}
Event: 1880.398 GC heap before
{Heap before GC invocations=60 (full 0):
 garbage-first heap   total 387072K, used 363757K [0x0000000080000000, 0x0000000100000000)
  region size 1024K, 148 young (151552K), 7 survivors (7168K)
 Metaspace       used 137990K, committed 138944K, reserved 1179648K
  class space    used 18556K, committed 19008K, reserved 1048576K
}
Event: 1880.402 GC heap after
{Heap after GC invocations=61 (full 0):
 garbage-first heap   total 387072K, used 133767K [0x0000000080000000, 0x0000000100000000)
  region size 1024K, 8 young (8192K), 8 survivors (8192K)
 Metaspace       used 137990K, committed 138944K, reserved 1179648K
  class space    used 18556K, committed 19008K, reserved 1048576K
}
Event: 1880.462 GC heap before
{Heap before GC invocations=61 (full 0):
 garbage-first heap   total 387072K, used 144007K [0x0000000080000000, 0x0000000100000000)
  region size 1024K, 18 young (18432K), 8 survivors (8192K)
 Metaspace       used 138047K, committed 139008K, reserved 1179648K
  class space    used 18556K, committed 19008K, reserved 1048576K
}
Event: 1880.468 GC heap after
{Heap after GC invocations=62 (full 0):
 garbage-first heap   total 387072K, used 124869K [0x0000000080000000, 0x0000000100000000)
  region size 1024K, 2 young (2048K), 2 survivors (2048K)
 Metaspace       used 138047K, committed 139008K, reserved 1179648K
  class space    used 18556K, committed 19008K, reserved 1048576K
}
Event: 1880.839 GC heap before
{Heap before GC invocations=62 (full 0):
 garbage-first heap   total 387072K, used 165829K [0x0000000080000000, 0x0000000100000000)
  region size 1024K, 44 young (45056K), 2 survivors (2048K)
 Metaspace       used 138211K, committed 139136K, reserved 1179648K
  class space    used 18556K, committed 19008K, reserved 1048576K
}

